[debug] [2024-03-12T16:57:13.514Z] ----------------------------------------------------------------------
[debug] [2024-03-12T16:57:13.519Z] Command:       C:\Program Files\nodejs\node.exe C:\Users\kumar\AppData\Roaming\npm\node_modules\firebase-tools\lib\bin\firebase.js deploy --only functions
[debug] [2024-03-12T16:57:13.519Z] CLI Version:   13.3.0
[debug] [2024-03-12T16:57:13.520Z] Platform:      win32
[debug] [2024-03-12T16:57:13.521Z] Node Version:  v18.0.0
[debug] [2024-03-12T16:57:13.522Z] Time:          Tue Mar 12 2024 22:27:13 GMT+0530 (India Standard Time)
[debug] [2024-03-12T16:57:13.522Z] ----------------------------------------------------------------------
[debug] 
[debug] [2024-03-12T16:57:13.687Z] > command requires scopes: ["email","openid","https://www.googleapis.com/auth/cloudplatformprojects.readonly","https://www.googleapis.com/auth/firebase","https://www.googleapis.com/auth/cloud-platform"]
[debug] [2024-03-12T16:57:13.688Z] > authorizing via signed-in user (kumarrawanivivek@gmail.com)
[debug] [2024-03-12T16:57:13.688Z] [iam] checking project johar-basket for permissions ["cloudfunctions.functions.create","cloudfunctions.functions.delete","cloudfunctions.functions.get","cloudfunctions.functions.list","cloudfunctions.functions.update","cloudfunctions.operations.get","firebase.projects.get"]
[debug] [2024-03-12T16:57:13.691Z] > refreshing access token with scopes: []
[debug] [2024-03-12T16:57:13.695Z] >>> [apiv2][query] POST https://www.googleapis.com/oauth2/v3/token [none]
[debug] [2024-03-12T16:57:13.695Z] >>> [apiv2][body] POST https://www.googleapis.com/oauth2/v3/token [omitted]
[debug] [2024-03-12T16:57:14.161Z] <<< [apiv2][status] POST https://www.googleapis.com/oauth2/v3/token 200
[debug] [2024-03-12T16:57:14.162Z] <<< [apiv2][body] POST https://www.googleapis.com/oauth2/v3/token [omitted]
[debug] [2024-03-12T16:57:14.208Z] >>> [apiv2][query] POST https://cloudresourcemanager.googleapis.com/v1/projects/johar-basket:testIamPermissions [none]
[debug] [2024-03-12T16:57:14.208Z] >>> [apiv2][(partial)header] POST https://cloudresourcemanager.googleapis.com/v1/projects/johar-basket:testIamPermissions x-goog-quota-user=projects/johar-basket
[debug] [2024-03-12T16:57:14.209Z] >>> [apiv2][body] POST https://cloudresourcemanager.googleapis.com/v1/projects/johar-basket:testIamPermissions {"permissions":["cloudfunctions.functions.create","cloudfunctions.functions.delete","cloudfunctions.functions.get","cloudfunctions.functions.list","cloudfunctions.functions.update","cloudfunctions.operations.get","firebase.projects.get"]}
[debug] [2024-03-12T16:57:16.144Z] <<< [apiv2][status] POST https://cloudresourcemanager.googleapis.com/v1/projects/johar-basket:testIamPermissions 200
[debug] [2024-03-12T16:57:16.144Z] <<< [apiv2][body] POST https://cloudresourcemanager.googleapis.com/v1/projects/johar-basket:testIamPermissions {"permissions":["cloudfunctions.functions.create","cloudfunctions.functions.delete","cloudfunctions.functions.get","cloudfunctions.functions.list","cloudfunctions.functions.update","cloudfunctions.operations.get","firebase.projects.get"]}
[debug] [2024-03-12T16:57:16.146Z] >>> [apiv2][query] POST https://iam.googleapis.com/v1/projects/johar-basket/serviceAccounts/johar-basket@appspot.gserviceaccount.com:testIamPermissions [none]
[debug] [2024-03-12T16:57:16.146Z] >>> [apiv2][body] POST https://iam.googleapis.com/v1/projects/johar-basket/serviceAccounts/johar-basket@appspot.gserviceaccount.com:testIamPermissions {"permissions":["iam.serviceAccounts.actAs"]}
[debug] [2024-03-12T16:57:18.175Z] <<< [apiv2][status] POST https://iam.googleapis.com/v1/projects/johar-basket/serviceAccounts/johar-basket@appspot.gserviceaccount.com:testIamPermissions 200
[debug] [2024-03-12T16:57:18.176Z] <<< [apiv2][body] POST https://iam.googleapis.com/v1/projects/johar-basket/serviceAccounts/johar-basket@appspot.gserviceaccount.com:testIamPermissions {"permissions":["iam.serviceAccounts.actAs"]}
[info] 
[info] === Deploying to 'johar-basket'...
[info] 
[info] i  deploying functions 
[info] Running command: npm --prefix "$RESOURCE_DIR" run lint
